0 info it worked if it ends with ok
1 verbose cli [
1 verbose cli   'C:\\Program Files\\nodejs\\node.exe',
1 verbose cli   'C:\\Users\\Khan Seemin\\node_modules\\npm\\bin\\npm-cli.js',
1 verbose cli   'run',
1 verbose cli   'frontend'
1 verbose cli ]
2 info using npm@2.15.12
3 info using node@v22.6.0
4 verbose run-script [ 'prefrontend', 'frontend', 'postfrontend' ]
5 info prefrontend backend@1.0.0
6 info frontend backend@1.0.0
7 verbose unsafe-perm in lifecycle true
8 info backend@1.0.0 Failed to exec frontend script
9 verbose stack Error: backend@1.0.0 frontend: `npm run dev --prefix frontend`
9 verbose stack Exit status 4294963238
9 verbose stack     at EventEmitter.<anonymous> (C:\Users\Khan Seemin\node_modules\npm\lib\utils\lifecycle.js:217:16)
9 verbose stack     at EventEmitter.emit (node:events:520:28)
9 verbose stack     at ChildProcess.<anonymous> (C:\Users\Khan Seemin\node_modules\npm\lib\utils\spawn.js:24:14)
9 verbose stack     at ChildProcess.emit (node:events:520:28)
9 verbose stack     at maybeClose (node:internal/child_process:1105:16)
9 verbose stack     at ChildProcess._handle.onexit (node:internal/child_process:305:5)
10 verbose pkgid backend@1.0.0
11 verbose cwd C:\Users\Khan Seemin\Desktop\PROJECTS\clone\MP-2A\server
12 error Windows_NT 10.0.22631
13 error argv "C:\\Program Files\\nodejs\\node.exe" "C:\\Users\\Khan Seemin\\node_modules\\npm\\bin\\npm-cli.js" "run" "frontend"
14 error node v22.6.0
15 error npm  v2.15.12
16 error code ELIFECYCLE
17 error backend@1.0.0 frontend: `npm run dev --prefix frontend`
17 error Exit status 4294963238
18 error Failed at the backend@1.0.0 frontend script 'npm run dev --prefix frontend'.
18 error This is most likely a problem with the backend package,
18 error not with npm itself.
18 error Tell the author that this fails on your system:
18 error     npm run dev --prefix frontend
18 error You can get information on how to open an issue for this project with:
18 error     npm bugs backend
18 error Or if that isn't available, you can get their info via:
18 error
18 error     npm owner ls backend
18 error There is likely additional logging output above.
19 verbose exit [ 1, true ]
